<?xml version="1.0" encoding="UTF-8"?>
<robot generator="Robot 5.0.1 (Python 3.10.7 on linux)" generated="20221229 10:56:41.386" rpa="false" schemaversion="3">
<suite id="s1" name="Table-View" source="/home/anjar/Project/SocialTravel/Robot/CMS/table-view.robot">
<kw name="Begin Tests" type="SETUP">
<kw name="Open Browser" library="SeleniumLibrary">
<arg>${BASE_URL}</arg>
<arg>Firefox</arg>
<doc>Opens a new browser instance to the optional ``url``.</doc>
<msg timestamp="20221229 10:56:44.024" level="INFO">Opening browser 'Firefox' to base url 'https://dev-app.travelaja.id/'.</msg>
<msg timestamp="20221229 10:56:44.036" level="INFO">Firefox driver log is always forced to to: /home/anjar/Project/SocialTravel/Robot/CMS/geckodriver-1.log</msg>
<status status="PASS" starttime="20221229 10:56:44.023" endtime="20221229 10:57:01.243"/>
</kw>
<kw name="Maximize Browser Window" library="SeleniumLibrary">
<doc>Maximizes current browser window.</doc>
<status status="PASS" starttime="20221229 10:57:01.244" endtime="20221229 10:57:01.571"/>
</kw>
<status status="PASS" starttime="20221229 10:56:44.022" endtime="20221229 10:57:01.571"/>
</kw>
<test id="s1-t1" name="TableView-001 - Verify all required data provided on column" line="19">
<kw name="User already on User Management Page" type="SETUP">
<kw name="User already login as Admin">
<kw name="Click Element" library="SeleniumLibrary">
<arg>${EMAIL_FIELD}</arg>
<doc>Click the element identified by ``locator``.</doc>
<msg timestamp="20221229 10:57:01.575" level="INFO">Clicking element 'id=user'.</msg>
<status status="PASS" starttime="20221229 10:57:01.574" endtime="20221229 10:57:02.042"/>
</kw>
<kw name="Input Text" library="SeleniumLibrary">
<arg>${EMAIL_FIELD}</arg>
<arg>${EMAIL_ADMIN}</arg>
<doc>Types the given ``text`` into the text field identified by ``locator``.</doc>
<msg timestamp="20221229 10:57:02.043" level="INFO">Typing text 'benson@yopmail.com' into text field 'id=user'.</msg>
<status status="PASS" starttime="20221229 10:57:02.042" endtime="20221229 10:57:02.239"/>
</kw>
<kw name="Click Element" library="SeleniumLibrary">
<arg>${PASSWORD_FIELD}</arg>
<doc>Click the element identified by ``locator``.</doc>
<msg timestamp="20221229 10:57:02.240" level="INFO">Clicking element 'id=password'.</msg>
<status status="PASS" starttime="20221229 10:57:02.240" endtime="20221229 10:57:02.474"/>
</kw>
<kw name="Input Text" library="SeleniumLibrary">
<arg>${PASSWORD_FIELD}</arg>
<arg>${PASSWORD_ADMIN}</arg>
<doc>Types the given ``text`` into the text field identified by ``locator``.</doc>
<msg timestamp="20221229 10:57:02.475" level="INFO">Typing text 'Keon!123' into text field 'id=password'.</msg>
<status status="PASS" starttime="20221229 10:57:02.474" endtime="20221229 10:57:02.553"/>
</kw>
<kw name="Click Element" library="SeleniumLibrary">
<arg>${SUBMIT_BUTTON}</arg>
<doc>Click the element identified by ``locator``.</doc>
<msg timestamp="20221229 10:57:02.554" level="INFO">Clicking element 'css=.LoginForm-module__loginButton___cY8V9'.</msg>
<status status="PASS" starttime="20221229 10:57:02.554" endtime="20221229 10:57:02.797"/>
</kw>
<kw name="Sleep" library="BuiltIn">
<arg>5</arg>
<doc>Pauses the test executed for the given time.</doc>
<msg timestamp="20221229 10:57:07.798" level="INFO">Slept 5 seconds</msg>
<status status="PASS" starttime="20221229 10:57:02.797" endtime="20221229 10:57:07.798"/>
</kw>
<kw name="Wait Until Location Is Not" library="SeleniumLibrary">
<arg>${BASE_URL}login</arg>
<doc>Waits until the current URL is not ``location``.</doc>
<status status="PASS" starttime="20221229 10:57:07.798" endtime="20221229 10:57:07.801"/>
</kw>
<status status="PASS" starttime="20221229 10:57:01.574" endtime="20221229 10:57:07.802"/>
</kw>
<kw name="Click Element" library="SeleniumLibrary">
<arg>css=.CustomLayout-module__navBar___f8Ykn</arg>
<doc>Click the element identified by ``locator``.</doc>
<msg timestamp="20221229 10:57:07.802" level="INFO">Clicking element 'css=.CustomLayout-module__navBar___f8Ykn'.</msg>
<status status="PASS" starttime="20221229 10:57:07.802" endtime="20221229 10:57:08.079"/>
</kw>
<kw name="Click Element" library="SeleniumLibrary">
<arg>link=User</arg>
<doc>Click the element identified by ``locator``.</doc>
<msg timestamp="20221229 10:57:08.079" level="INFO">Clicking element 'link=User'.</msg>
<status status="PASS" starttime="20221229 10:57:08.079" endtime="20221229 10:57:08.472"/>
</kw>
<status status="PASS" starttime="20221229 10:57:01.573" endtime="20221229 10:57:08.472"/>
</kw>
<kw name="Sleep" library="BuiltIn">
<arg>5</arg>
<doc>Pauses the test executed for the given time.</doc>
<msg timestamp="20221229 10:57:13.473" level="INFO">Slept 5 seconds</msg>
<status status="PASS" starttime="20221229 10:57:08.473" endtime="20221229 10:57:13.473"/>
</kw>
<kw name="Page Should Contain" library="SeleniumLibrary">
<arg>Name</arg>
<doc>Verifies that current page contains ``text``.</doc>
<msg timestamp="20221229 10:57:13.522" level="INFO">Current page contains text 'Name'.</msg>
<status status="PASS" starttime="20221229 10:57:13.473" endtime="20221229 10:57:13.522"/>
</kw>
<kw name="Page Should Contain" library="SeleniumLibrary">
<arg>Phone Number</arg>
<doc>Verifies that current page contains ``text``.</doc>
<msg timestamp="20221229 10:57:13.534" level="INFO">Current page contains text 'Phone Number'.</msg>
<status status="PASS" starttime="20221229 10:57:13.522" endtime="20221229 10:57:13.534"/>
</kw>
<kw name="Page Should Contain" library="SeleniumLibrary">
<arg>Email</arg>
<doc>Verifies that current page contains ``text``.</doc>
<msg timestamp="20221229 10:57:13.546" level="INFO">Current page contains text 'Email'.</msg>
<status status="PASS" starttime="20221229 10:57:13.534" endtime="20221229 10:57:13.546"/>
</kw>
<kw name="Page Should Contain" library="SeleniumLibrary">
<arg>Register Date</arg>
<doc>Verifies that current page contains ``text``.</doc>
<msg timestamp="20221229 10:57:13.560" level="INFO">Current page contains text 'Register Date'.</msg>
<status status="PASS" starttime="20221229 10:57:13.547" endtime="20221229 10:57:13.560"/>
</kw>
<kw name="Page Should Contain" library="SeleniumLibrary">
<arg>Role</arg>
<doc>Verifies that current page contains ``text``.</doc>
<msg timestamp="20221229 10:57:13.573" level="INFO">Current page contains text 'Role'.</msg>
<status status="PASS" starttime="20221229 10:57:13.560" endtime="20221229 10:57:13.573"/>
</kw>
<kw name="Page Should Contain" library="SeleniumLibrary">
<arg>Status</arg>
<doc>Verifies that current page contains ``text``.</doc>
<msg timestamp="20221229 10:57:13.584" level="INFO">Current page contains text 'Status'.</msg>
<status status="PASS" starttime="20221229 10:57:13.573" endtime="20221229 10:57:13.584"/>
</kw>
<status status="PASS" starttime="20221229 10:57:01.572" endtime="20221229 10:57:13.585"/>
</test>
<test id="s1-t2" name="TableView-002 - Verify id is sorted ascending" line="28">
<status status="FAIL" starttime="20221229 10:57:13.586" endtime="20221229 10:57:13.587">Test contains no keywords.</status>
</test>
<test id="s1-t3" name="TableView-003 - Verify data shown limited by 10" line="29">
<kw name="User already on User Management Page" type="SETUP">
<kw name="User already login as Admin">
<kw name="Click Element" library="SeleniumLibrary">
<arg>${EMAIL_FIELD}</arg>
<doc>Click the element identified by ``locator``.</doc>
<msg timestamp="20221229 10:57:13.592" level="INFO">Clicking element 'id=user'.</msg>
<msg timestamp="20221229 10:57:13.695" level="INFO" html="true">&lt;/td&gt;&lt;/tr&gt;&lt;tr&gt;&lt;td colspan="3"&gt;&lt;a href="selenium-screenshot-1.png"&gt;&lt;img src="selenium-screenshot-1.png" width="800px"&gt;&lt;/a&gt;</msg>
<msg timestamp="20221229 10:57:13.695" level="FAIL">Element with locator 'id=user' not found.</msg>
<status status="FAIL" starttime="20221229 10:57:13.591" endtime="20221229 10:57:13.918"/>
</kw>
<kw name="Input Text" library="SeleniumLibrary">
<arg>${EMAIL_FIELD}</arg>
<arg>${EMAIL_ADMIN}</arg>
<doc>Types the given ``text`` into the text field identified by ``locator``.</doc>
<status status="NOT RUN" starttime="20221229 10:57:13.918" endtime="20221229 10:57:13.919"/>
</kw>
<kw name="Click Element" library="SeleniumLibrary">
<arg>${PASSWORD_FIELD}</arg>
<doc>Click the element identified by ``locator``.</doc>
<status status="NOT RUN" starttime="20221229 10:57:13.919" endtime="20221229 10:57:13.919"/>
</kw>
<kw name="Input Text" library="SeleniumLibrary">
<arg>${PASSWORD_FIELD}</arg>
<arg>${PASSWORD_ADMIN}</arg>
<doc>Types the given ``text`` into the text field identified by ``locator``.</doc>
<status status="NOT RUN" starttime="20221229 10:57:13.919" endtime="20221229 10:57:13.919"/>
</kw>
<kw name="Click Element" library="SeleniumLibrary">
<arg>${SUBMIT_BUTTON}</arg>
<doc>Click the element identified by ``locator``.</doc>
<status status="NOT RUN" starttime="20221229 10:57:13.919" endtime="20221229 10:57:13.919"/>
</kw>
<kw name="Sleep" library="BuiltIn">
<arg>5</arg>
<doc>Pauses the test executed for the given time.</doc>
<status status="NOT RUN" starttime="20221229 10:57:13.919" endtime="20221229 10:57:13.919"/>
</kw>
<kw name="Wait Until Location Is Not" library="SeleniumLibrary">
<arg>${BASE_URL}login</arg>
<doc>Waits until the current URL is not ``location``.</doc>
<status status="NOT RUN" starttime="20221229 10:57:13.919" endtime="20221229 10:57:13.920"/>
</kw>
<status status="FAIL" starttime="20221229 10:57:13.590" endtime="20221229 10:57:13.920"/>
</kw>
<kw name="Click Element" library="SeleniumLibrary">
<arg>css=.CustomLayout-module__navBar___f8Ykn</arg>
<doc>Click the element identified by ``locator``.</doc>
<status status="NOT RUN" starttime="20221229 10:57:13.920" endtime="20221229 10:57:13.920"/>
</kw>
<kw name="Click Element" library="SeleniumLibrary">
<arg>link=User</arg>
<doc>Click the element identified by ``locator``.</doc>
<status status="NOT RUN" starttime="20221229 10:57:13.921" endtime="20221229 10:57:13.921"/>
</kw>
<status status="FAIL" starttime="20221229 10:57:13.589" endtime="20221229 10:57:13.921"/>
</kw>
<status status="FAIL" starttime="20221229 10:57:13.588" endtime="20221229 10:57:13.922">Setup failed:
Element with locator 'id=user' not found.</status>
</test>
<kw name="Close Browser" library="SeleniumLibrary" type="TEARDOWN">
<doc>Closes the current browser.</doc>
<status status="PASS" starttime="20221229 10:57:13.923" endtime="20221229 10:57:15.621"/>
</kw>
<status status="FAIL" starttime="20221229 10:56:41.387" endtime="20221229 10:57:15.621"/>
</suite>
<statistics>
<total>
<stat pass="1" fail="2" skip="0">All Tests</stat>
</total>
<tag>
</tag>
<suite>
<stat pass="1" fail="2" skip="0" id="s1" name="Table-View">Table-View</stat>
</suite>
</statistics>
<errors>
</errors>
</robot>
